 
****************************************
Report : timing
        -path full
        -delay min
        -max_paths 10
Design : i2c_master_top
Version: G-2012.06-ICC-SP2
Date   : Fri Jan 27 09:52:46 2017
****************************************

 * Some/all delay information is back-annotated.

Operating Conditions: slow   Library: NangateOpenCellLibrary_ss0p95v125c
	Parasitic source    : LPE
	Parasitic mode      : RealRC
	Extraction mode     : MIN_MAX
	Extraction derating : 125/125/125

Information: Percent of Arnoldi-based delays =  0.00%

  Startpoint: cr_reg_4_ (rising edge-triggered flip-flop clocked by wb_clk_i)
  Endpoint: tip_reg (rising edge-triggered flip-flop clocked by wb_clk_i)
  Path Group: wb_clk_i
  Path Type: min

  Point                                    Incr       Path
  -----------------------------------------------------------
  clock wb_clk_i (rise edge)               0.00       0.00
  clock network delay (propagated)         0.29       0.29
  cr_reg_4_/CK (DFFR_X1)                   0.00       0.29 r
  cr_reg_4_/QN (DFFR_X1)                   0.25       0.54 r
  U285/ZN (AOI21_X1)                       0.06 &     0.60 f
  tip_reg/D (DFFR_X1)                      0.00 &     0.60 f
  data arrival time                                   0.60

  clock wb_clk_i (rise edge)               0.00       0.00
  clock network delay (propagated)         0.35       0.35
  tip_reg/CK (DFFR_X1)                     0.00       0.35 r
  library hold time                        0.03       0.38
  data required time                                  0.38
  -----------------------------------------------------------
  data required time                                  0.38
  data arrival time                                  -0.60
  -----------------------------------------------------------
  slack (MET)                                         0.22


  Startpoint: byte_controller/bit_controller/dout_reg
              (rising edge-triggered flip-flop clocked by wb_clk_i)
  Endpoint: byte_controller/bit_controller/dout_reg
            (rising edge-triggered flip-flop clocked by wb_clk_i)
  Path Group: wb_clk_i
  Path Type: min

  Point                                                   Incr       Path
  --------------------------------------------------------------------------
  clock wb_clk_i (rise edge)                              0.00       0.00
  clock network delay (propagated)                        0.33       0.33
  byte_controller/bit_controller/dout_reg/CK (DFF_X1)     0.00       0.33 r
  byte_controller/bit_controller/dout_reg/QN (DFF_X1)     0.23       0.56 r
  byte_controller/bit_controller/U193/ZN (OAI22_X1)       0.04 &     0.60 f
  byte_controller/bit_controller/dout_reg/D (DFF_X1)      0.00 &     0.60 f
  data arrival time                                                  0.60

  clock wb_clk_i (rise edge)                              0.00       0.00
  clock network delay (propagated)                        0.33       0.33
  byte_controller/bit_controller/dout_reg/CK (DFF_X1)     0.00       0.33 r
  library hold time                                       0.02       0.36
  data required time                                                 0.36
  --------------------------------------------------------------------------
  data required time                                                 0.36
  data arrival time                                                 -0.60
  --------------------------------------------------------------------------
  slack (MET)                                                        0.24


  Startpoint: ctr_reg_0_ (rising edge-triggered flip-flop clocked by wb_clk_i)
  Endpoint: ctr_reg_0_ (rising edge-triggered flip-flop clocked by wb_clk_i)
  Path Group: wb_clk_i
  Path Type: min

  Point                                    Incr       Path
  -----------------------------------------------------------
  clock wb_clk_i (rise edge)               0.00       0.00
  clock network delay (propagated)         0.35       0.35
  ctr_reg_0_/CK (DFFR_X1)                  0.00       0.35 r
  ctr_reg_0_/QN (DFFR_X1)                  0.22       0.57 r
  U208/ZN (OAI22_X1)                       0.04 &     0.60 f
  ctr_reg_0_/D (DFFR_X1)                   0.00 &     0.60 f
  data arrival time                                   0.60

  clock wb_clk_i (rise edge)               0.00       0.00
  clock network delay (propagated)         0.35       0.35
  ctr_reg_0_/CK (DFFR_X1)                  0.00       0.35 r
  library hold time                        0.02       0.36
  data required time                                  0.36
  -----------------------------------------------------------
  data required time                                  0.36
  data arrival time                                  -0.60
  -----------------------------------------------------------
  slack (MET)                                         0.24


  Startpoint: byte_controller/sr_reg_1_
              (rising edge-triggered flip-flop clocked by wb_clk_i)
  Endpoint: byte_controller/sr_reg_2_
            (rising edge-triggered flip-flop clocked by wb_clk_i)
  Path Group: wb_clk_i
  Path Type: min

  Point                                                   Incr       Path
  --------------------------------------------------------------------------
  clock wb_clk_i (rise edge)                              0.00       0.00
  clock network delay (propagated)                        0.31       0.31
  byte_controller/sr_reg_1_/CK (DFFR_X1)                  0.00       0.31 r
  byte_controller/sr_reg_1_/QN (DFFR_X1)                  0.24       0.54 r
  byte_controller/U46/ZN (OAI221_X1)                      0.08 &     0.62 f
  byte_controller/sr_reg_2_/D (DFFR_X1)                   0.00 &     0.62 f
  data arrival time                                                  0.62

  clock wb_clk_i (rise edge)                              0.00       0.00
  clock network delay (propagated)                        0.35       0.35
  byte_controller/sr_reg_2_/CK (DFFR_X1)                  0.00       0.35 r
  library hold time                                       0.02       0.38
  data required time                                                 0.38
  --------------------------------------------------------------------------
  data required time                                                 0.38
  data arrival time                                                 -0.62
  --------------------------------------------------------------------------
  slack (MET)                                                        0.24


  Startpoint: prer_reg_6_
              (rising edge-triggered flip-flop clocked by wb_clk_i)
  Endpoint: wb_dat_o_reg_6_
            (rising edge-triggered flip-flop clocked by wb_clk_i)
  Path Group: wb_clk_i
  Path Type: min

  Point                                    Incr       Path
  -----------------------------------------------------------
  clock wb_clk_i (rise edge)               0.00       0.00
  clock network delay (propagated)         0.30       0.30
  prer_reg_6_/CK (DFFS_X1)                 0.00       0.30 r
  prer_reg_6_/QN (DFFS_X1)                 0.24       0.54 r
  U255/ZN (OAI211_X1)                      0.08 &     0.62 f
  wb_dat_o_reg_6_/D (DFF_X1)               0.00 &     0.62 f
  data arrival time                                   0.62

  clock wb_clk_i (rise edge)               0.00       0.00
  clock network delay (propagated)         0.35       0.35
  wb_dat_o_reg_6_/CK (DFF_X1)              0.00       0.35 r
  library hold time                        0.02       0.37
  data required time                                  0.37
  -----------------------------------------------------------
  data required time                                  0.37
  data arrival time                                  -0.62
  -----------------------------------------------------------
  slack (MET)                                         0.24


  Startpoint: cr_reg_2_ (rising edge-triggered flip-flop clocked by wb_clk_i)
  Endpoint: cr_reg_2_ (rising edge-triggered flip-flop clocked by wb_clk_i)
  Path Group: wb_clk_i
  Path Type: min

  Point                                    Incr       Path
  -----------------------------------------------------------
  clock wb_clk_i (rise edge)               0.00       0.00
  clock network delay (propagated)         0.29       0.29
  cr_reg_2_/CK (DFFR_X1)                   0.00       0.29 r
  cr_reg_2_/QN (DFFR_X1)                   0.23       0.52 r
  U200/ZN (OAI22_X1)                       0.04 &     0.56 f
  cr_reg_2_/D (DFFR_X1)                    0.00 &     0.56 f
  data arrival time                                   0.56

  clock wb_clk_i (rise edge)               0.00       0.00
  clock network delay (propagated)         0.29       0.29
  cr_reg_2_/CK (DFFR_X1)                   0.00       0.29 r
  library hold time                        0.03       0.31
  data required time                                  0.31
  -----------------------------------------------------------
  data required time                                  0.31
  data arrival time                                  -0.56
  -----------------------------------------------------------
  slack (MET)                                         0.25


  Startpoint: ctr_reg_5_ (rising edge-triggered flip-flop clocked by wb_clk_i)
  Endpoint: ctr_reg_5_ (rising edge-triggered flip-flop clocked by wb_clk_i)
  Path Group: wb_clk_i
  Path Type: min

  Point                                    Incr       Path
  -----------------------------------------------------------
  clock wb_clk_i (rise edge)               0.00       0.00
  clock network delay (propagated)         0.33       0.33
  ctr_reg_5_/CK (DFFR_X1)                  0.00       0.33 r
  ctr_reg_5_/QN (DFFR_X1)                  0.23       0.56 r
  U212/ZN (OAI22_X1)                       0.04 &     0.60 f
  ctr_reg_5_/D (DFFR_X1)                   0.00 &     0.60 f
  data arrival time                                   0.60

  clock wb_clk_i (rise edge)               0.00       0.00
  clock network delay (propagated)         0.33       0.33
  ctr_reg_5_/CK (DFFR_X1)                  0.00       0.33 r
  library hold time                        0.02       0.35
  data required time                                  0.35
  -----------------------------------------------------------
  data required time                                  0.35
  data arrival time                                  -0.60
  -----------------------------------------------------------
  slack (MET)                                         0.25


  Startpoint: txr_reg_4_ (rising edge-triggered flip-flop clocked by wb_clk_i)
  Endpoint: txr_reg_4_ (rising edge-triggered flip-flop clocked by wb_clk_i)
  Path Group: wb_clk_i
  Path Type: min

  Point                                    Incr       Path
  -----------------------------------------------------------
  clock wb_clk_i (rise edge)               0.00       0.00
  clock network delay (propagated)         0.33       0.33
  txr_reg_4_/CK (DFFR_X1)                  0.00       0.33 r
  txr_reg_4_/QN (DFFR_X1)                  0.23       0.56 r
  U204/ZN (OAI22_X1)                       0.04 &     0.60 f
  txr_reg_4_/D (DFFR_X1)                   0.00 &     0.60 f
  data arrival time                                   0.60

  clock wb_clk_i (rise edge)               0.00       0.00
  clock network delay (propagated)         0.33       0.33
  txr_reg_4_/CK (DFFR_X1)                  0.00       0.33 r
  library hold time                        0.03       0.35
  data required time                                  0.35
  -----------------------------------------------------------
  data required time                                  0.35
  data arrival time                                  -0.60
  -----------------------------------------------------------
  slack (MET)                                         0.25


  Startpoint: txr_reg_2_ (rising edge-triggered flip-flop clocked by wb_clk_i)
  Endpoint: txr_reg_2_ (rising edge-triggered flip-flop clocked by wb_clk_i)
  Path Group: wb_clk_i
  Path Type: min

  Point                                    Incr       Path
  -----------------------------------------------------------
  clock wb_clk_i (rise edge)               0.00       0.00
  clock network delay (propagated)         0.33       0.33
  txr_reg_2_/CK (DFFR_X1)                  0.00       0.33 r
  txr_reg_2_/QN (DFFR_X1)                  0.23       0.56 r
  U203/ZN (OAI22_X1)                       0.04 &     0.60 f
  txr_reg_2_/D (DFFR_X1)                   0.00 &     0.60 f
  data arrival time                                   0.60

  clock wb_clk_i (rise edge)               0.00       0.00
  clock network delay (propagated)         0.33       0.33
  txr_reg_2_/CK (DFFR_X1)                  0.00       0.33 r
  library hold time                        0.03       0.35
  data required time                                  0.35
  -----------------------------------------------------------
  data required time                                  0.35
  data arrival time                                  -0.60
  -----------------------------------------------------------
  slack (MET)                                         0.25


  Startpoint: ctr_reg_4_ (rising edge-triggered flip-flop clocked by wb_clk_i)
  Endpoint: ctr_reg_4_ (rising edge-triggered flip-flop clocked by wb_clk_i)
  Path Group: wb_clk_i
  Path Type: min

  Point                                    Incr       Path
  -----------------------------------------------------------
  clock wb_clk_i (rise edge)               0.00       0.00
  clock network delay (propagated)         0.33       0.33
  ctr_reg_4_/CK (DFFR_X1)                  0.00       0.33 r
  ctr_reg_4_/QN (DFFR_X1)                  0.23       0.56 r
  U211/ZN (OAI22_X1)                       0.04 &     0.60 f
  ctr_reg_4_/D (DFFR_X1)                   0.00 &     0.60 f
  data arrival time                                   0.60

  clock wb_clk_i (rise edge)               0.00       0.00
  clock network delay (propagated)         0.33       0.33
  ctr_reg_4_/CK (DFFR_X1)                  0.00       0.33 r
  library hold time                        0.03       0.36
  data required time                                  0.36
  -----------------------------------------------------------
  data required time                                  0.36
  data arrival time                                  -0.60
  -----------------------------------------------------------
  slack (MET)                                         0.25


1
