----------------------------------------
Report  : report_design_physical
          -utilization
Date    : Fri Jan 27 09:52:41 2017
Version : G-2012.06-ICC-SP2
--------------------------------------------------------------------------------
                            UTILIZATION INFORMATION
--------------------------------------------------------------------------------
BLOCKAGES SECTION
-----------------
BLK Type           Count  Area(um^2)   AreaOutsideCore(um^2)
                                                           BlockedSites(unit)
Hard Placement Blockage
                       0        0.00        0.00           0
Soft Placement Blockage
                       0        0.00        0.00           ---
Partial Placement Blockage
                       0        0.00        0.00           ---
Macro Cell             0        0.00        0.00           0
Pad Cell               0        0.00        0.00           0
Fixed Standard Cell
                     661      444.75        0.00           1672
Hard Keepout Margin Derived
                       0        0.00        0.00           0
Soft Keepout Margin Derived
                       0        0.00        0.00           ---
Complete PNet        ---        0.00        0.00           0
Partial PNet         ---        0.00        0.00           ---
Voltage Area Guardband
                       0        0.00        0.00           0
Exclusive Movebound Guardband
                       0        0.00        0.00           ---
Hard Keepout Distance Blockage
                       0        0.00        0.00           0
Chimney Area         ---        0.00        0.00           0

CELL INSTANCE SECTION
---------------------

 Cell Instance Type       Count           Area
  Placed Cells            13769       22456.52
    Fixed Cells             599         318.67
    Soft Fixed Cells         40          95.76
  Unplaced Cells              0           0.00

UTILIZATION RATIOS
------------------
Chip area           : 32347.82
Core area           : 22456.52
  SiteRow area      : 22456.52
Cell/Core Ratio     : 98.581%
Cell/Chip Ratio     : 68.4369%
(A) Logical cell sites (non-fixed) :         5657
(B) Logical cell sites (fixed) :          474
(C) All blocked sites :         1672
(D) Total core sites :        84423
Cell Utilization(non-fixed) = 6.84% (A) / (D - C)
                                              (5657) / (84423 - 1672)
Cell Utilization(non-fixed + fixed) = 7.37% (A + B) / (D - (C - B))
                                              (5657 + 474) / (84423 - (1672 - 474))
Blockage Percentage = 1.98% (C) / (D)
                                              (1672) / (84423)

PNET OPTIONS INFORMATION
------------------------
Layer     Blockage MinWidth  MinHeight Via_additive    Density   DER minWidth
                                                                            DER minHeight
metal1    none        ---       ---    Via additive     ---         ---        ---
metal2    none        ---       ---    Via additive     ---         ---        ---
metal3    none        ---       ---    Via additive     ---         ---        ---
metal4    none        ---       ---    Via additive     ---         ---        ---
metal5    none        ---       ---    Via additive     ---         ---        ---
metal6    none        ---       ---    Via additive     ---         ---        ---
metal7    none        ---       ---    Via additive     ---         ---        ---
metal8    none        ---       ---    Via additive     ---         ---        ---
metal9    none        ---       ---    Via additive     ---         ---        ---
metal10   none        ---       ---    Via additive     ---         ---        ---
