
  Loading design 'i2c_master_top'


Warning: Port 'VSS' cannot inherit its location, because the port does not connect with any leaf cell pins. Please check the floorplan. (PSYN-1042)
Warning: Port 'VDD' cannot inherit its location, because the port does not connect with any leaf cell pins. Please check the floorplan. (PSYN-1042)


Information: The design has 599 physical cells. (PSYN-105)
Information: Library Manufacturing Grid(GridResolution) : 5
Information: Time Unit from Milkyway design library: 'ns' 
Information: Design Library and main library timing units are matched - 1.000 ns. 
Information: Resistance Unit from Milkyway design library: 'kohm' 
Warning: Mismatch in the main library and the Milkyway library resistance units. In the main library it is 1000.000 kohm and in the Milkyway design library it is 1.000 kohm. Check and correct the resistance units in the .tf and .db files. (PSYN-476)
Information: Capacitance Unit from Milkyway design library: 'ff' 
Information: Design Library and main library capacitance units are matched - 0.001 pf. 
Information: Layer metal7 is ignored for resistance and capacitance computation. (RCEX-019)
Information: Layer metal8 is ignored for resistance and capacitance computation. (RCEX-019)
Information: Layer metal9 is ignored for resistance and capacitance computation. (RCEX-019)
Information: Layer metal10 is ignored for resistance and capacitance computation. (RCEX-019)
Information: The distance unit in Capacitance and Resistance is 1 micron. (RCEX-007)
Information: The RC model used is detail route TLU+. (RCEX-015)
Information: Start mixed mode parasitic extraction. (RCEX-023)
Information: Start rc extraction...
Memory usage for extraction task 106 Mbytes -- main task 236 Mbytes.
Information: Parasitic source is LPE. (RCEX-040)
Information: Parasitic mode is RealRC. (RCEX-041)
Information: Using virtual shield extraction. (RCEX-081)
Information: Extraction mode is MIN_MAX. (RCEX-042)
Information: Extraction derate is 125/125/125. (RCEX-043)
Information: Coupling capacitances are explicitly created. (RCEX-044)
Information: Start back annotation for parasitic extraction. (RCEX-023)
Information: End back annotation for parasitic extraction. (RCEX-023)
Information: Start timing update for parasitic extraction. (RCEX-023)
Information: End timing update for parasitic extraction. (RCEX-023)
Information: End parasitic extraction. (RCEX-023)
Information: Updating graph... (UID-83)

************************************************************
SI options:
Delta Delay Computation:           true
Static Noise Computation:          true
Timing window analysis for SI:     true
Reselection in timing window:      false
Min Delta Delay for SI:            true
Analysis Effort:                   medium
Max Transition Mode:               normal_slew
Static Noise Thresholds:           0.35 (0.33V) above low
                                   0.35 (0.33V) below high
Route xtalk prevention:            true
Route xtalk prevention threshold:  0.35
************************************************************

Information: Updating design information... (UID-85)

************************************************************
SI options:
Delta Delay Computation:           true
Static Noise Computation:          true
Timing window analysis for SI:     true
Reselection in timing window:      false
Min Delta Delay for SI:            true
Analysis Effort:                   medium
Max Transition Mode:               normal_slew
Static Noise Thresholds:           0.35 (0.33V) above low
                                   0.35 (0.33V) below high
Route xtalk prevention:            true
Route xtalk prevention threshold:  0.35
************************************************************

Information: Input delay ('fall') on clock port 'wb_clk_i' will be added to the clock's propagated skew. (TIM-112)
Information: Input delay ('rise') on clock port 'wb_clk_i' will be added to the clock's propagated skew. (TIM-112)
Information: Input delay ('rise') on clock port 'wb_clk_i' will be added to the clock's propagated skew. (TIM-112)
Information: Input delay ('fall') on clock port 'wb_clk_i' will be added to the clock's propagated skew. (TIM-112)
Information: Total 1108 nets in the design, 1019 nets have timing window. (TIM-180)
Information: Input delay ('fall') on clock port 'wb_clk_i' will be added to the clock's propagated skew. (TIM-112)
Information: Input delay ('rise') on clock port 'wb_clk_i' will be added to the clock's propagated skew. (TIM-112)
Information: Input delay ('rise') on clock port 'wb_clk_i' will be added to the clock's propagated skew. (TIM-112)
Information: Input delay ('fall') on clock port 'wb_clk_i' will be added to the clock's propagated skew. (TIM-112)
 
****************************************
Report : timing
        -path full
        -delay max
        -max_paths 10
Design : i2c_master_top
Version: G-2012.06-ICC-SP2
Date   : Fri Jan 27 09:52:46 2017
****************************************

 * Some/all delay information is back-annotated.

Operating Conditions: slow   Library: NangateOpenCellLibrary_ss0p95v125c
	Parasitic source    : LPE
	Parasitic mode      : RealRC
	Extraction mode     : MIN_MAX
	Extraction derating : 125/125/125

Information: Percent of Arnoldi-based delays =  0.00%

  Startpoint: wb_rst_i (input port clocked by wb_clk_i)
  Endpoint: byte_controller/bit_controller/cnt_reg_1_
            (rising edge-triggered flip-flop clocked by wb_clk_i)
  Path Group: wb_clk_i
  Path Type: max

  Point                                                   Incr       Path
  --------------------------------------------------------------------------
  clock wb_clk_i (rise edge)                              0.00       0.00
  clock network delay (propagated)                        0.00       0.00
  input external delay                                    2.40       2.40 f
  wb_rst_i (in)                                           0.00       2.40 f
  U33/Z (CLKBUF_X1)                                       0.11 &     2.51 f
  byte_controller/rst_hfs_netlink_14 (i2c_master_byte_ctrl)
                                                          0.00       2.51 f
  byte_controller/U20/Z (CLKBUF_X1)                       0.15 &     2.66 f
  byte_controller/U19/ZN (INV_X1)                         0.10 &     2.75 r
  byte_controller/bit_controller/rst_hfs_netlink_5 (i2c_master_bit_ctrl)
                                                          0.00       2.75 r
  byte_controller/bit_controller/U283/Z (CLKBUF_X1)       0.13 &     2.89 r
  byte_controller/bit_controller/U250/ZN (NAND4_X1)       0.12 &     3.01 f
  byte_controller/bit_controller/U233/Z (CLKBUF_X1)       0.16 &     3.17 f
  byte_controller/bit_controller/U46/ZN (OR2_X1)          0.23 &     3.40 f
  byte_controller/bit_controller/U228/ZN (INV_X1)         0.10 &     3.50 r
  byte_controller/bit_controller/U29/ZN (OR2_X1)          0.14 &     3.64 r
  byte_controller/bit_controller/U257/ZN (INV_X1)         0.07 &     3.71 f
  byte_controller/bit_controller/U110/ZN (AOI222_X1)      0.38 &     4.09 r
  byte_controller/bit_controller/U109/ZN (INV_X1)         0.04 &     4.13 f
  byte_controller/bit_controller/cnt_reg_1_/D (DFFR_X1)
                                                          0.00 &     4.13 f
  data arrival time                                                  4.13

  clock wb_clk_i (rise edge)                              6.00       6.00
  clock network delay (propagated)                        0.34       6.34
  clock uncertainty                                      -0.20       6.14
  byte_controller/bit_controller/cnt_reg_1_/CK (DFFR_X1)
                                                          0.00       6.14 r
  library setup time                                     -0.14       6.00
  data required time                                                 6.00
  --------------------------------------------------------------------------
  data required time                                                 6.00
  data arrival time                                                 -4.13
  --------------------------------------------------------------------------
  slack (MET)                                                        1.87


  Startpoint: wb_rst_i (input port clocked by wb_clk_i)
  Endpoint: byte_controller/bit_controller/cnt_reg_0_
            (rising edge-triggered flip-flop clocked by wb_clk_i)
  Path Group: wb_clk_i
  Path Type: max

  Point                                                   Incr       Path
  --------------------------------------------------------------------------
  clock wb_clk_i (rise edge)                              0.00       0.00
  clock network delay (propagated)                        0.00       0.00
  input external delay                                    2.40       2.40 f
  wb_rst_i (in)                                           0.00       2.40 f
  U33/Z (CLKBUF_X1)                                       0.11 &     2.51 f
  byte_controller/rst_hfs_netlink_14 (i2c_master_byte_ctrl)
                                                          0.00       2.51 f
  byte_controller/U20/Z (CLKBUF_X1)                       0.15 &     2.66 f
  byte_controller/U19/ZN (INV_X1)                         0.10 &     2.75 r
  byte_controller/bit_controller/rst_hfs_netlink_5 (i2c_master_bit_ctrl)
                                                          0.00       2.75 r
  byte_controller/bit_controller/U283/Z (CLKBUF_X1)       0.13 &     2.89 r
  byte_controller/bit_controller/U250/ZN (NAND4_X1)       0.12 &     3.01 f
  byte_controller/bit_controller/U233/Z (CLKBUF_X1)       0.16 &     3.17 f
  byte_controller/bit_controller/U46/ZN (OR2_X1)          0.23 &     3.40 f
  byte_controller/bit_controller/U228/ZN (INV_X1)         0.10 &     3.50 r
  byte_controller/bit_controller/U29/ZN (OR2_X1)          0.14 &     3.64 r
  byte_controller/bit_controller/U257/ZN (INV_X1)         0.07 &     3.71 f
  byte_controller/bit_controller/U112/ZN (AOI222_X1)      0.36 &     4.08 r
  byte_controller/bit_controller/U111/ZN (INV_X1)         0.05 &     4.12 f
  byte_controller/bit_controller/cnt_reg_0_/D (DFFR_X1)
                                                          0.00 &     4.12 f
  data arrival time                                                  4.12

  clock wb_clk_i (rise edge)                              6.00       6.00
  clock network delay (propagated)                        0.34       6.34
  clock uncertainty                                      -0.20       6.14
  byte_controller/bit_controller/cnt_reg_0_/CK (DFFR_X1)
                                                          0.00       6.14 r
  library setup time                                     -0.14       6.00
  data required time                                                 6.00
  --------------------------------------------------------------------------
  data required time                                                 6.00
  data arrival time                                                 -4.12
  --------------------------------------------------------------------------
  slack (MET)                                                        1.87


  Startpoint: wb_rst_i (input port clocked by wb_clk_i)
  Endpoint: byte_controller/core_cmd_reg_3_
            (rising edge-triggered flip-flop clocked by wb_clk_i)
  Path Group: wb_clk_i
  Path Type: max

  Point                                                   Incr       Path
  --------------------------------------------------------------------------
  clock wb_clk_i (rise edge)                              0.00       0.00
  clock network delay (propagated)                        0.00       0.00
  input external delay                                    2.40       2.40 f
  wb_rst_i (in)                                           0.00       2.40 f
  U45/Z (CLKBUF_X1)                                       0.14 &     2.54 f
  byte_controller/rst_hfs_netlink_13 (i2c_master_byte_ctrl)
                                                          0.00       2.54 f
  byte_controller/U32/ZN (NOR2_X1)                        0.30 &     2.84 r
  byte_controller/U65/ZN (INV_X1)                         0.07 &     2.91 f
  byte_controller/U64/ZN (AOI221_X1)                      0.52 &     3.42 r
  byte_controller/U8/Z (CLKBUF_X1)                        0.25 &     3.67 r
  byte_controller/U7/ZN (INV_X1)                          0.03 &     3.71 f
  byte_controller/U28/ZN (NAND2_X1)                       0.10 &     3.81 r
  byte_controller/U22/ZN (NOR2_X1)                        0.05 &     3.86 f
  byte_controller/U69/ZN (AOI22_X1)                       0.12 &     3.98 r
  byte_controller/U81/ZN (NAND3_X1)                       0.09 &     4.07 f
  byte_controller/core_cmd_reg_3_/D (DFFR_X1)             0.00 &     4.07 f
  data arrival time                                                  4.07

  clock wb_clk_i (rise edge)                              6.00       6.00
  clock network delay (propagated)                        0.33       6.33
  clock uncertainty                                      -0.20       6.13
  byte_controller/core_cmd_reg_3_/CK (DFFR_X1)            0.00       6.13 r
  library setup time                                     -0.15       5.98
  data required time                                                 5.98
  --------------------------------------------------------------------------
  data required time                                                 5.98
  data arrival time                                                 -4.07
  --------------------------------------------------------------------------
  slack (MET)                                                        1.91


  Startpoint: wb_rst_i (input port clocked by wb_clk_i)
  Endpoint: byte_controller/core_cmd_reg_2_
            (rising edge-triggered flip-flop clocked by wb_clk_i)
  Path Group: wb_clk_i
  Path Type: max

  Point                                                   Incr       Path
  --------------------------------------------------------------------------
  clock wb_clk_i (rise edge)                              0.00       0.00
  clock network delay (propagated)                        0.00       0.00
  input external delay                                    2.40       2.40 f
  wb_rst_i (in)                                           0.00       2.40 f
  U45/Z (CLKBUF_X1)                                       0.14 &     2.54 f
  byte_controller/rst_hfs_netlink_13 (i2c_master_byte_ctrl)
                                                          0.00       2.54 f
  byte_controller/U32/ZN (NOR2_X1)                        0.30 &     2.84 r
  byte_controller/U65/ZN (INV_X1)                         0.07 &     2.91 f
  byte_controller/U64/ZN (AOI221_X1)                      0.52 &     3.42 r
  byte_controller/U8/Z (CLKBUF_X1)                        0.25 &     3.67 r
  byte_controller/U7/ZN (INV_X1)                          0.03 &     3.71 f
  byte_controller/U28/ZN (NAND2_X1)                       0.10 &     3.81 r
  byte_controller/U22/ZN (NOR2_X1)                        0.05 &     3.86 f
  byte_controller/U68/ZN (AOI22_X1)                       0.13 &     3.99 r
  byte_controller/U82/ZN (NAND3_X1)                       0.10 &     4.09 f
  byte_controller/core_cmd_reg_2_/D (DFFR_X1)             0.00 &     4.09 f
  data arrival time                                                  4.09

  clock wb_clk_i (rise edge)                              6.00       6.00
  clock network delay (propagated)                        0.36       6.36
  clock uncertainty                                      -0.20       6.16
  byte_controller/core_cmd_reg_2_/CK (DFFR_X1)            0.00       6.16 r
  library setup time                                     -0.14       6.03
  data required time                                                 6.03
  --------------------------------------------------------------------------
  data required time                                                 6.03
  data arrival time                                                 -4.09
  --------------------------------------------------------------------------
  slack (MET)                                                        1.93


  Startpoint: wb_rst_i (input port clocked by wb_clk_i)
  Endpoint: byte_controller/c_state_reg_1_
            (rising edge-triggered flip-flop clocked by wb_clk_i)
  Path Group: wb_clk_i
  Path Type: max

  Point                                                   Incr       Path
  --------------------------------------------------------------------------
  clock wb_clk_i (rise edge)                              0.00       0.00
  clock network delay (propagated)                        0.00       0.00
  input external delay                                    2.40       2.40 f
  wb_rst_i (in)                                           0.00       2.40 f
  U45/Z (CLKBUF_X1)                                       0.14 &     2.54 f
  byte_controller/rst_hfs_netlink_13 (i2c_master_byte_ctrl)
                                                          0.00       2.54 f
  byte_controller/U32/ZN (NOR2_X1)                        0.30 &     2.84 r
  byte_controller/U65/ZN (INV_X1)                         0.07 &     2.91 f
  byte_controller/U64/ZN (AOI221_X1)                      0.52 &     3.42 r
  byte_controller/U8/Z (CLKBUF_X1)                        0.25 &     3.67 r
  byte_controller/U7/ZN (INV_X1)                          0.03 &     3.71 f
  byte_controller/U28/ZN (NAND2_X1)                       0.10 &     3.81 r
  byte_controller/U24/ZN (INV_X1)                         0.07 &     3.87 f
  byte_controller/U56/ZN (OAI211_X1)                      0.10 &     3.98 r
  byte_controller/U63/ZN (OAI21_X1)                       0.09 &     4.06 f
  byte_controller/c_state_reg_1_/D (DFFR_X1)              0.00 &     4.06 f
  data arrival time                                                  4.06

  clock wb_clk_i (rise edge)                              6.00       6.00
  clock network delay (propagated)                        0.36       6.36
  clock uncertainty                                      -0.20       6.16
  byte_controller/c_state_reg_1_/CK (DFFR_X1)             0.00       6.16 r
  library setup time                                     -0.14       6.03
  data required time                                                 6.03
  --------------------------------------------------------------------------
  data required time                                                 6.03
  data arrival time                                                 -4.06
  --------------------------------------------------------------------------
  slack (MET)                                                        1.96


  Startpoint: wb_rst_i (input port clocked by wb_clk_i)
  Endpoint: byte_controller/core_cmd_reg_0_
            (rising edge-triggered flip-flop clocked by wb_clk_i)
  Path Group: wb_clk_i
  Path Type: max

  Point                                                   Incr       Path
  --------------------------------------------------------------------------
  clock wb_clk_i (rise edge)                              0.00       0.00
  clock network delay (propagated)                        0.00       0.00
  input external delay                                    2.40       2.40 f
  wb_rst_i (in)                                           0.00       2.40 f
  U45/Z (CLKBUF_X1)                                       0.14 &     2.54 f
  byte_controller/rst_hfs_netlink_13 (i2c_master_byte_ctrl)
                                                          0.00       2.54 f
  byte_controller/U32/ZN (NOR2_X1)                        0.30 &     2.84 r
  byte_controller/U65/ZN (INV_X1)                         0.07 &     2.91 f
  byte_controller/U64/ZN (AOI221_X1)                      0.52 &     3.42 r
  byte_controller/U8/Z (CLKBUF_X1)                        0.25 &     3.67 r
  byte_controller/U7/ZN (INV_X1)                          0.03 &     3.71 f
  byte_controller/U28/ZN (NAND2_X1)                       0.10 &     3.81 r
  byte_controller/U24/ZN (INV_X1)                         0.07 &     3.87 f
  byte_controller/U85/ZN (NAND3_X1)                       0.09 &     3.96 r
  byte_controller/U70/ZN (NAND2_X1)                       0.05 &     4.01 f
  byte_controller/core_cmd_reg_0_/D (DFFR_X1)             0.00 &     4.01 f
  data arrival time                                                  4.01

  clock wb_clk_i (rise edge)                              6.00       6.00
  clock network delay (propagated)                        0.33       6.33
  clock uncertainty                                      -0.20       6.13
  byte_controller/core_cmd_reg_0_/CK (DFFR_X1)            0.00       6.13 r
  library setup time                                     -0.13       5.99
  data required time                                                 5.99
  --------------------------------------------------------------------------
  data required time                                                 5.99
  data arrival time                                                 -4.01
  --------------------------------------------------------------------------
  slack (MET)                                                        1.98


  Startpoint: wb_rst_i (input port clocked by wb_clk_i)
  Endpoint: byte_controller/c_state_reg_3_
            (rising edge-triggered flip-flop clocked by wb_clk_i)
  Path Group: wb_clk_i
  Path Type: max

  Point                                                   Incr       Path
  --------------------------------------------------------------------------
  clock wb_clk_i (rise edge)                              0.00       0.00
  clock network delay (propagated)                        0.00       0.00
  input external delay                                    2.40       2.40 f
  wb_rst_i (in)                                           0.00       2.40 f
  U45/Z (CLKBUF_X1)                                       0.14 &     2.54 f
  byte_controller/rst_hfs_netlink_13 (i2c_master_byte_ctrl)
                                                          0.00       2.54 f
  byte_controller/U32/ZN (NOR2_X1)                        0.30 &     2.84 r
  byte_controller/U65/ZN (INV_X1)                         0.07 &     2.91 f
  byte_controller/U64/ZN (AOI221_X1)                      0.52 &     3.42 r
  byte_controller/U8/Z (CLKBUF_X1)                        0.25 &     3.67 r
  byte_controller/U7/ZN (INV_X1)                          0.03 &     3.71 f
  byte_controller/U28/ZN (NAND2_X1)                       0.10 &     3.81 r
  byte_controller/U24/ZN (INV_X1)                         0.07 &     3.87 f
  byte_controller/U83/ZN (NAND3_X1)                       0.08 &     3.95 r
  byte_controller/U60/ZN (OAI211_X1)                      0.09 &     4.04 f
  byte_controller/c_state_reg_3_/D (DFFR_X1)              0.00 &     4.04 f
  data arrival time                                                  4.04

  clock wb_clk_i (rise edge)                              6.00       6.00
  clock network delay (propagated)                        0.36       6.36
  clock uncertainty                                      -0.20       6.16
  byte_controller/c_state_reg_3_/CK (DFFR_X1)             0.00       6.16 r
  library setup time                                     -0.14       6.03
  data required time                                                 6.03
  --------------------------------------------------------------------------
  data required time                                                 6.03
  data arrival time                                                 -4.04
  --------------------------------------------------------------------------
  slack (MET)                                                        1.98


  Startpoint: wb_rst_i (input port clocked by wb_clk_i)
  Endpoint: byte_controller/core_cmd_reg_1_
            (rising edge-triggered flip-flop clocked by wb_clk_i)
  Path Group: wb_clk_i
  Path Type: max

  Point                                                   Incr       Path
  --------------------------------------------------------------------------
  clock wb_clk_i (rise edge)                              0.00       0.00
  clock network delay (propagated)                        0.00       0.00
  input external delay                                    2.40       2.40 f
  wb_rst_i (in)                                           0.00       2.40 f
  U45/Z (CLKBUF_X1)                                       0.14 &     2.54 f
  byte_controller/rst_hfs_netlink_13 (i2c_master_byte_ctrl)
                                                          0.00       2.54 f
  byte_controller/U32/ZN (NOR2_X1)                        0.30 &     2.84 r
  byte_controller/U65/ZN (INV_X1)                         0.07 &     2.91 f
  byte_controller/U64/ZN (AOI221_X1)                      0.52 &     3.42 r
  byte_controller/U8/Z (CLKBUF_X1)                        0.25 &     3.67 r
  byte_controller/U7/ZN (INV_X1)                          0.03 &     3.71 f
  byte_controller/U28/ZN (NAND2_X1)                       0.10 &     3.81 r
  byte_controller/U12/Z (CLKBUF_X1)                       0.13 &     3.94 r
  byte_controller/U58/ZN (OAI22_X1)                       0.06 &     4.00 f
  byte_controller/core_cmd_reg_1_/D (DFFR_X1)             0.00 &     4.00 f
  data arrival time                                                  4.00

  clock wb_clk_i (rise edge)                              6.00       6.00
  clock network delay (propagated)                        0.33       6.33
  clock uncertainty                                      -0.20       6.13
  byte_controller/core_cmd_reg_1_/CK (DFFR_X1)            0.00       6.13 r
  library setup time                                     -0.13       5.99
  data required time                                                 5.99
  --------------------------------------------------------------------------
  data required time                                                 5.99
  data arrival time                                                 -4.00
  --------------------------------------------------------------------------
  slack (MET)                                                        1.99


  Startpoint: wb_rst_i (input port clocked by wb_clk_i)
  Endpoint: byte_controller/c_state_reg_4_
            (rising edge-triggered flip-flop clocked by wb_clk_i)
  Path Group: wb_clk_i
  Path Type: max

  Point                                                   Incr       Path
  --------------------------------------------------------------------------
  clock wb_clk_i (rise edge)                              0.00       0.00
  clock network delay (propagated)                        0.00       0.00
  input external delay                                    2.40       2.40 f
  wb_rst_i (in)                                           0.00       2.40 f
  U45/Z (CLKBUF_X1)                                       0.14 &     2.54 f
  byte_controller/rst_hfs_netlink_13 (i2c_master_byte_ctrl)
                                                          0.00       2.54 f
  byte_controller/U32/ZN (NOR2_X1)                        0.30 &     2.84 r
  byte_controller/U65/ZN (INV_X1)                         0.07 &     2.91 f
  byte_controller/U64/ZN (AOI221_X1)                      0.52 &     3.42 r
  byte_controller/U8/Z (CLKBUF_X1)                        0.25 &     3.67 r
  byte_controller/U7/ZN (INV_X1)                          0.03 &     3.71 f
  byte_controller/U28/ZN (NAND2_X1)                       0.10 &     3.81 r
  byte_controller/U12/Z (CLKBUF_X1)                       0.13 &     3.94 r
  byte_controller/U57/ZN (OAI22_X1)                       0.06 &     4.00 f
  byte_controller/c_state_reg_4_/D (DFFR_X1)              0.00 &     4.00 f
  data arrival time                                                  4.00

  clock wb_clk_i (rise edge)                              6.00       6.00
  clock network delay (propagated)                        0.33       6.33
  clock uncertainty                                      -0.20       6.13
  byte_controller/c_state_reg_4_/CK (DFFR_X1)             0.00       6.13 r
  library setup time                                     -0.13       5.99
  data required time                                                 5.99
  --------------------------------------------------------------------------
  data required time                                                 5.99
  data arrival time                                                 -4.00
  --------------------------------------------------------------------------
  slack (MET)                                                        1.99


  Startpoint: wb_rst_i (input port clocked by wb_clk_i)
  Endpoint: byte_controller/c_state_reg_0_
            (rising edge-triggered flip-flop clocked by wb_clk_i)
  Path Group: wb_clk_i
  Path Type: max

  Point                                                   Incr       Path
  --------------------------------------------------------------------------
  clock wb_clk_i (rise edge)                              0.00       0.00
  clock network delay (propagated)                        0.00       0.00
  input external delay                                    2.40       2.40 f
  wb_rst_i (in)                                           0.00       2.40 f
  U45/Z (CLKBUF_X1)                                       0.14 &     2.54 f
  byte_controller/rst_hfs_netlink_13 (i2c_master_byte_ctrl)
                                                          0.00       2.54 f
  byte_controller/U32/ZN (NOR2_X1)                        0.30 &     2.84 r
  byte_controller/U65/ZN (INV_X1)                         0.07 &     2.91 f
  byte_controller/U64/ZN (AOI221_X1)                      0.52 &     3.42 r
  byte_controller/U8/Z (CLKBUF_X1)                        0.25 &     3.67 r
  byte_controller/U7/ZN (INV_X1)                          0.03 &     3.71 f
  byte_controller/U28/ZN (NAND2_X1)                       0.10 &     3.81 r
  byte_controller/U24/ZN (INV_X1)                         0.07 &     3.87 f
  byte_controller/U85/ZN (NAND3_X1)                       0.09 &     3.96 r
  byte_controller/U61/ZN (OAI21_X1)                       0.07 &     4.03 f
  byte_controller/c_state_reg_0_/D (DFFR_X1)              0.00 &     4.03 f
  data arrival time                                                  4.03

  clock wb_clk_i (rise edge)                              6.00       6.00
  clock network delay (propagated)                        0.36       6.36
  clock uncertainty                                      -0.20       6.16
  byte_controller/c_state_reg_0_/CK (DFFR_X1)             0.00       6.16 r
  library setup time                                     -0.13       6.03
  data required time                                                 6.03
  --------------------------------------------------------------------------
  data required time                                                 6.03
  data arrival time                                                 -4.03
  --------------------------------------------------------------------------
  slack (MET)                                                        2.00


1
